<?xml version="1.0" encoding="UTF-8"?>
<!-- Generated by org.testng.reporters.JUnitXMLReporter -->
<testsuite ignored="0" hostname="DESKTOP-QJECTL0" failures="0" tests="3" name="Default test" time="112.801" errors="0" timestamp="2020-04-30T01:11:03 IST">
  <testcase classname="testpackage2.ActiTest2" name="LoginCredentials" time="0.773"/>
  <testcase classname="testpackage2.ActiTest2" name="Create_new_task" time="69.101"/>
  <testcase classname="testpackage2.ActiTest2" name="Enter_Customer" time="23.464"/>
</testsuite> <!-- Default test -->
